<?xml version="1.0" encoding="UTF-8"?>
<testng-results ignored="0" total="1" passed="1" failed="0" skipped="0">
  <reporter-output>
  </reporter-output>
  <suite started-at="2024-08-19T22:43:32 IST" name="Failed suite [Default suite]" finished-at="2024-08-19T22:43:32 IST" duration-ms="77">
    <groups>
    </groups>
    <test started-at="2024-08-19T22:43:32 IST" name="Default test(failed)" finished-at="2024-08-19T22:43:32 IST" duration-ms="77">
      <class name="com.selenium">
        <test-method signature="tc_002()[pri:0, instance:com.selenium@27462a88]" started-at="2024-08-19T22:43:32 IST" name="tc_002" finished-at="2024-08-19T22:43:32 IST" duration-ms="13" status="PASS">
          <reporter-output>
          </reporter-output>
        </test-method> <!-- tc_002 -->
      </class> <!-- com.selenium -->
    </test> <!-- Default test(failed) -->
  </suite> <!-- Failed suite [Default suite] -->
</testng-results>
